met_s02e01_seg01_clip_02 50.34 140
met_s02e01_seg02_clip_17 80.49 140
met_s02e02_seg01_clip_01 46.2 122
met_s02e02_seg02_clip_19 70.37 122
met_s02e04_seg02_clip_19 98.49000000000001 209
met_s02e05_seg01_clip_00 98.03 287
met_s02e06_seg02_clip_18 115.49000000000001 251
met_s02e08_seg02_clip_18 113.47 260
met_s02e10_seg02_clip_18 125.49 269
met_s02e11_seg02_clip_18 101.5 191
met_s02e12_seg01_clip_00 94.03 275
met_s02e12_seg02_clip_19 59.49 128
met_s02e13_seg02_clip_20 63.49 101
met_s02e14_seg02_clip_18 84.49 140
met_s02e15_seg02_clip_18 109.50999999999999 158
met_s02e16_seg02_clip_19 65.5 110
met_s02e17_seg02_clip_19 106.42 230
met_s02e18_seg02_clip_18 118.21000000000001 263
met_s02e19_seg02_clip_18 111.38 257
met_s02e20_seg01_clip_00 80.02 233
met_s02e22_seg02_clip_18 119.49000000000001 266
met_s03e01_seg01_clip_00 92.03 275
met_s03e01_seg02_clip_17 129.09 299
met_s03e02_seg01_clip_01 44.02 125
met_s03e02_seg02_clip_18 62.48 104
met_s03e03_seg02_clip_16 93.47999999999999 197
met_s03e04_seg02_clip_17 122.51 281
met_s03e05_seg02_clip_18 106.49000000000001 224
met_s03e06_seg01_clip_02 85.07 251
met_s03e06_seg02_clip_16 125.47 281
met_s03e07_seg02_clip_15 78.53999999999999 152
met_s03e09_seg02_clip_19 67.51 125
met_s03e10_seg01_clip_03 71.02 203
met_s03e10_seg02_clip_16 80.47 149
met_s03e11_seg01_clip_04 60.02 173
met_s03e11_seg02_clip_14 131.5 287
met_s03e12_seg02_clip_15 148.49 356
met_s03e13_seg01_clip_00 125.03 368
met_s03e14_seg02_clip_13 132.48 275
met_s03e15_seg02_clip_14 124.51 287
met_s03e17_seg01_clip_00 106.02000000000001 299
met_s03e17_seg02_clip_18 104.47 230
met_s03e18_seg02_clip_14 115.5 266
met_s03e20_seg01_clip_04 17.02 47
met_s03e20_seg02_clip_15 104.47 224
met_s04e01_seg02_clip_19 112.09 245
met_s04e03_seg01_clip_01 94.02000000000001 275
met_s04e03_seg02_clip_17 109.07 221
met_s05e01_seg02_clip_16 121.7 272
met_s05e02_seg02_clip_19 102.37 206
met_s05e03_seg02_clip_13 120.74 275
met_s05e04_seg01_clip_02 88.02 260
met_s05e04_seg02_clip_16 101.74000000000001 218
met_s05e05_seg02_clip_17 126.81 293
met_s06e02_seg02_clip_18 89.18 173
met_s06e03_seg01_clip_04 80.02 239
met_s06e03_seg02_clip_14 122.18 269
met_s06e04_seg02_clip_17 82.18 152
met_s06e05_seg02_clip_18 122.18 269
met_s06e06_seg01_clip_00 50.02 140
met_s06e06_seg02_clip_19 89.19 167
met_s06e07_seg02_clip_17 123.18 269
met_s06e08_seg01_clip_03 71.69 191
met_s06e08_seg02_clip_16 61.16 83
met_s06e10_seg01_clip_03 49.03 143
met_s06e10_seg02_clip_15 152.18 356
met_s06e11_seg02_clip_18 120.18 263
met_s06e12_seg02_clip_18 101.09 209
met_s06e14_seg02_clip_20 77.49 134
met_s06e16_seg02_clip_15 127.18 275
met_s06e17_seg02_clip_18 84.18 158
met_s06e18_seg02_clip_15 199.9 356
met_s06e19_seg02_clip_18 85.34 143
met_s06e20_seg02_clip_17 117.16 236
met_s06e21_seg02_clip_14 111.02000000000001 236
met_s06e22_seg01_clip_02 80.87 236
met_s06e22_seg02_clip_16 116.2 245
met_s06e23_seg02_clip_17 139.5 254
met_s06e24_seg01_clip_02 88.02 263
met_s06e24_seg02_clip_16 99.2 203
s01e01_seg01_clip_05 61.03 170
s01e01_seg02_clip_15 64.3 191
s01e03_seg02_clip_18 88.87 263
s01e04_seg01_clip_02 45.71 131
s01e04_seg02_clip_16 49.12 143
s01e06_seg02_clip_17 44.98 128
s01e08_seg02_clip_14 68.72 203
s01e11_seg01_clip_01 88.03 263
s01e12_seg01_clip_01 84.02 248
s02e04_seg01_clip_03 44.02 131
s02e06_seg01_clip_01 69.02 203
s02e07_seg01_clip_02 55.02 155
s02e07_seg02_clip_16 76.15 227
s02e08_seg02_clip_15 88.51 263
s02e11_seg01_clip_02 76.03 224
s02e17_seg01_clip_01 87.02 248
s02e17_seg02_clip_16 120.33 359
s02e18_seg02_clip_13 69.95 197
s02e21_seg01_clip_01 57.04 164
s02e22_seg01_clip_02 89.02 251
s02e23_seg02_clip_18 56.41 164
s03e01_seg01_clip_01 77.02 221
s03e02_seg01_clip_01 76.02 218
s03e03_seg01_clip_02 60.02 173
s03e07_seg01_clip_03 50.03 143
s03e07_seg02_clip_14 49.1 140
s03e10_seg01_clip_00 125.02 368
s03e10_seg02_clip_17 81.17 239
s03e12_seg02_clip_15 92.64 275
s03e13_seg02_clip_16 69.52 203
s03e14_seg01_clip_01 50.03 143
s03e15_seg01_clip_02 70.03 200
s03e16_seg01_clip_00 99.02000000000001 287
s03e17_seg01_clip_01 84.02 245
s03e17_seg02_clip_16 77.2 227
s03e19_seg01_clip_00 94.02000000000001 269
s03e21_seg01_clip_02 78.03999999999999 218
s03e23_seg01_clip_01 60.04 176
s04e02_seg01_clip_02 44.34 125
s04e04_seg01_clip_01 57.27 164
s04e09_seg01_clip_01 68.78 200
s04e10_seg01_clip_03 57.51 164
s04e11_seg01_clip_01 120.66 356
s04e16_seg01_clip_03 54.24 155
s04e19_seg01_clip_02 53.27 152
s04e20_seg01_clip_01 80.72 236
s04e21_seg01_clip_00 84.48 245
s04e22_seg01_clip_02 58.23 167
s05e01_seg01_clip_01 78.02 224
s05e02_seg01_clip_02 124.04 359
s05e03_seg01_clip_01 69.02 200
s05e03_seg02_clip_15 120.21 359
s05e05_seg01_clip_03 73.02 212
s05e06_seg01_clip_01 78.02 224
s05e06_seg02_clip_17 76.63 221
s05e07_seg01_clip_02 53.02 152
s05e09_seg01_clip_01 78.02 227
s05e11_seg01_clip_01 84.02 221
s05e11_seg02_clip_15 80.27 236
s05e13_seg01_clip_01 52.03 149
s05e15_seg01_clip_01 52.03 155
s05e17_seg01_clip_00 97.02000000000001 287
s05e18_seg01_clip_01 62.02 176
s05e20_seg01_clip_01 43.02 119
s05e21_seg01_clip_01 58.04 167
s05e22_seg01_clip_02 69.03 194
s05e23_seg01_clip_00 78.03999999999999 224
s05e24_seg01_clip_02 72.03 209
s06e01_seg01_clip_01 77.02 221
s06e03_seg01_clip_03 72.02 215
s06e04_seg01_clip_00 96.02000000000001 269
s06e05_seg01_clip_00 127.02 362
s06e08_seg02_clip_18 20.88 53
s06e09_seg01_clip_01 94.03 275
s06e09_seg02_clip_15 88.53 260
s06e10_seg01_clip_01 96.03 281
s06e12_seg01_clip_00 100.02000000000001 296
s06e15_seg01_clip_01 85.02 242
s06e16_seg01_clip_00 85.02 248
s06e18_seg01_clip_01 81.02 239
s06e22_seg02_clip_18 60.02 179
s06e23_seg01_clip_01 42.02 116
s07e02_seg01_clip_00 93.02000000000001 272
s07e03_seg01_clip_01 52.26 152
s07e05_seg01_clip_01 68.02 194
s07e07_seg01_clip_01 81.02 233
s07e08_seg01_clip_01 101.03999999999999 296
s07e08_seg02_clip_15 90.81 260
s07e13_seg02_clip_16 70.58 203
s07e14_seg01_clip_00 86.02 248
s07e15_seg01_clip_01 64.33 191
s07e18_seg01_clip_00 100.02000000000001 296
s07e20_seg01_clip_01 53.03 152
s08e02_seg02_clip_16 76.16 224
s08e04_seg01_clip_00 78.03999999999999 227
s08e04_seg02_clip_16 42.47 119
s08e09_seg01_clip_01 49.04 140
s08e09_seg02_clip_16 84.07 251
s08e10_seg02_clip_16 68.4 200
s08e13_seg01_clip_01 88.15 257
s08e15_seg01_clip_01 68.02 200
s08e16_seg01_clip_00 124.04 368
s08e17_seg01_clip_01 72.6 212
s08e19_seg01_clip_00 93.78999999999999 275
s08e20_seg01_clip_00 61.16 179
s08e23_seg01_clip_00 76.08 221
s08e24_seg01_clip_00 92.02000000000001 272
s09e01_seg01_clip_02 86.19 251
s09e03_seg01_clip_00 81.98 239
s09e04_seg01_clip_00 72.32 209
s09e05_seg01_clip_00 58.27 167
s09e05_seg02_clip_16 45.16 131
s09e06_seg01_clip_01 44.95 128
s09e06_seg02_clip_15 88.97 263
s09e07_seg01_clip_00 69.28 200
s09e10_seg01_clip_01 57.39 167
s09e11_seg01_clip_00 100.6 296
s09e14_seg01_clip_00 89.37 260
s09e16_seg01_clip_02 48.35 140
s09e16_seg02_clip_15 52.17 155
s09e18_seg01_clip_02 97.97 287
s09e19_seg01_clip_00 76.69 224
s09e22_seg01_clip_01 81.15 239
s09e23_seg01_clip_01 66.33 191
s10e01_seg02_clip_18 81.74 155
s10e02_seg01_clip_01 85.11 248
s10e02_seg02_clip_15 69.45 128
s10e03_seg01_clip_00 85.05 248
s10e04_seg02_clip_17 113.0 248
s10e05_seg02_clip_16 102.49000000000001 209
s10e06_seg02_clip_16 78.12 134
s10e07_seg02_clip_16 115.72 254
s10e08_seg01_clip_00 80.61 236
s10e08_seg02_clip_16 72.16 125
s10e09_seg01_clip_00 93.5 275
s10e09_seg02_clip_16 94.00999999999999 191
s10e10_seg01_clip_00 88.39 257
s10e10_seg02_clip_16 127.11 284
s10e11_seg02_clip_17 108.67 224
s10e12_seg02_clip_18 101.08 212
s10e13_seg01_clip_01 70.02 203
s10e13_seg02_clip_14 117.99000000000001 284
met_s02e03_seg02_clip_19 63.48 101
met_s02e05_seg02_clip_19 75.02 137
met_s02e07_seg02_clip_18 114.1 260
met_s02e09_seg02_clip_18 106.49000000000001 236
met_s02e19_seg01_clip_01 57.02 167
met_s02e21_seg02_clip_18 104.02000000000001 233
met_s03e08_seg02_clip_18 91.53999999999999 191
met_s03e13_seg02_clip_17 149.07999999999998 359
met_s03e19_seg02_clip_18 80.5 146
met_s04e02_seg02_clip_17 92.07 191
met_s05e01_seg01_clip_02 80.72 239
met_s06e01_seg02_clip_16 146.34 335
met_s06e13_seg02_clip_18 113.34 218
met_s06e15_seg02_clip_18 103.17 218
met_s06e20_seg01_clip_01 84.33 251
s01e10_seg01_clip_02 95.02000000000001 227
s02e14_seg01_clip_01 48.03 140
s03e12_seg01_clip_00 124.04 368
s04e08_seg01_clip_01 69.2 200
s04e15_seg01_clip_02 53.28 152
s05e08_seg01_clip_01 98.03999999999999 278
s06e02_seg01_clip_01 58.04 167
s06e13_seg01_clip_00 96.02000000000001 278
s07e11_seg01_clip_00 90.02 263
s07e16_seg01_clip_01 43.02 119
s07e17_seg01_clip_00 94.02000000000001 275
s07e22_seg01_clip_00 48.62 143
s08e05_seg01_clip_01 85.38 248
s08e14_seg01_clip_02 60.01 173
s08e21_seg01_clip_01 73.1 215
s08e22_seg02_clip_16 52.38 155
s10e01_seg01_clip_01 73.09 212
s10e03_seg02_clip_17 106.5 233
Segment corpus saved to data/TVR_Ranking/segment_corpus_4seconds.json
